<?xml version="1.0" encoding="UTF-8"?>
<!-- Generated by org.testng.reporters.JUnitXMLReporter -->
<testsuite ignored="4" hostname="DESKTOP-DRTC6PB" failures="0" tests="4" name="Test" time="0.089" errors="0" timestamp="2024-08-23T15:46:50 IST">
  <testcase classname="com.seleniumwebdriver.TestNGGroupxml" name="Yellow1" time="0.019"/>
  <testcase classname="com.seleniumwebdriver.TestNGGroupxml" name="Yellow2" time="0.002"/>
  <testcase classname="com.seleniumwebdriver.TestNGGroupxml" name="Yellow3" time="0.002"/>
  <testcase classname="com.seleniumwebdriver.TestNGGroupxml" name="YellowandOrange" time="0.001"/>
  <testcase classname="com.seleniumwebdriver.TestNGGroupxml" name="Orange1" time="0.0">
    <ignored/>
  </testcase> <!-- Orange1 -->
  <testcase classname="com.seleniumwebdriver.TestNGGroupxml" name="Orange2" time="0.0">
    <ignored/>
  </testcase> <!-- Orange2 -->
  <testcase classname="com.seleniumwebdriver.TestNGGroupxml" name="Orange3" time="0.0">
    <ignored/>
  </testcase> <!-- Orange3 -->
  <testcase classname="com.seleniumwebdriver.TestNGGroupxml" name="f" time="0.0">
    <ignored/>
  </testcase> <!-- f -->
</testsuite> <!-- Test -->
