<?xml version="1.0" encoding="UTF-8"?>
<!-- Generated by org.testng.reporters.JUnitXMLReporter -->
<testsuite ignored="0" hostname="DESKTOP-DRTC6PB" failures="0" tests="8" name="Default test" time="0.105" errors="0" timestamp="2024-08-27T13:54:20 IST">
  <testcase classname="com.seleniumwebdriver.TestNGGroupxml" name="Orange1" time="0.015"/>
  <testcase classname="com.seleniumwebdriver.TestNGGroupxml" name="Orange2" time="0.003"/>
  <testcase classname="com.seleniumwebdriver.TestNGGroupxml" name="Orange3" time="0.003"/>
  <testcase classname="com.seleniumwebdriver.TestNGGroupxml" name="Yellow1" time="0.002"/>
  <testcase classname="com.seleniumwebdriver.TestNGGroupxml" name="Yellow2" time="0.002"/>
  <testcase classname="com.seleniumwebdriver.TestNGGroupxml" name="Yellow3" time="0.002"/>
  <testcase classname="com.seleniumwebdriver.TestNGGroupxml" name="YellowandOrange" time="0.002"/>
  <testcase classname="com.seleniumwebdriver.TestNGGroupxml" name="f" time="0.003"/>
</testsuite> <!-- Default test -->
