<?xml version="1.0" encoding="UTF-8"?>
<!-- Generated by org.testng.reporters.JUnitXMLReporter -->
<testsuite ignored="0" hostname="DESKTOP-DRTC6PB" failures="0" tests="3" name="Default test" time="19.208" errors="0" timestamp="2024-08-23T15:06:29 IST">
  <testcase classname="com.seleniumwebdriver.TestNGFaceBookLogin" name="login" time="7.167"/>
  <testcase classname="com.seleniumwebdriver.TestNGFaceBookLogin" name="password" time="1.175"/>
  <testcase classname="com.seleniumwebdriver.TestNGFaceBookLogin" name="username" time="2.216"/>
</testsuite> <!-- Default test -->
