<?xml version="1.0" encoding="UTF-8"?>
<testng-results ignored="4" total="8" passed="4" failed="0" skipped="0">
  <reporter-output>
  </reporter-output>
  <suite started-at="2024-08-23T15:46:49 IST" name="Suite" finished-at="2024-08-23T15:46:50 IST" duration-ms="89">
    <groups>
      <group name="Yellow">
        <method signature="TestNGGroupxml.Yellow1()[pri:0, instance:com.seleniumwebdriver.TestNGGroupxml@6a400542]" name="Yellow1" class="com.seleniumwebdriver.TestNGGroupxml"/>
        <method signature="TestNGGroupxml.Yellow2()[pri:0, instance:com.seleniumwebdriver.TestNGGroupxml@6a400542]" name="Yellow2" class="com.seleniumwebdriver.TestNGGroupxml"/>
        <method signature="TestNGGroupxml.Yellow3()[pri:0, instance:com.seleniumwebdriver.TestNGGroupxml@6a400542]" name="Yellow3" class="com.seleniumwebdriver.TestNGGroupxml"/>
        <method signature="TestNGGroupxml.YellowandOrange()[pri:0, instance:com.seleniumwebdriver.TestNGGroupxml@6a400542]" name="YellowandOrange" class="com.seleniumwebdriver.TestNGGroupxml"/>
      </group> <!-- Yellow -->
      <group name="Orange">
        <method signature="TestNGGroupxml.YellowandOrange()[pri:0, instance:com.seleniumwebdriver.TestNGGroupxml@6a400542]" name="YellowandOrange" class="com.seleniumwebdriver.TestNGGroupxml"/>
      </group> <!-- Orange -->
    </groups>
    <test started-at="2024-08-23T15:46:49 IST" name="Test" finished-at="2024-08-23T15:46:50 IST" duration-ms="89">
      <class name="com.seleniumwebdriver.TestNGGroupxml">
        <test-method signature="Yellow1()[pri:0, instance:com.seleniumwebdriver.TestNGGroupxml@6a400542]" started-at="2024-08-23T15:46:50 IST" name="Yellow1" finished-at="2024-08-23T15:46:50 IST" duration-ms="19" status="PASS">
          <reporter-output>
          </reporter-output>
        </test-method> <!-- Yellow1 -->
        <test-method signature="Yellow2()[pri:0, instance:com.seleniumwebdriver.TestNGGroupxml@6a400542]" started-at="2024-08-23T15:46:50 IST" name="Yellow2" finished-at="2024-08-23T15:46:50 IST" duration-ms="2" status="PASS">
          <reporter-output>
          </reporter-output>
        </test-method> <!-- Yellow2 -->
        <test-method signature="Yellow3()[pri:0, instance:com.seleniumwebdriver.TestNGGroupxml@6a400542]" started-at="2024-08-23T15:46:50 IST" name="Yellow3" finished-at="2024-08-23T15:46:50 IST" duration-ms="2" status="PASS">
          <reporter-output>
          </reporter-output>
        </test-method> <!-- Yellow3 -->
        <test-method signature="YellowandOrange()[pri:0, instance:com.seleniumwebdriver.TestNGGroupxml@6a400542]" started-at="2024-08-23T15:46:50 IST" name="YellowandOrange" finished-at="2024-08-23T15:46:50 IST" duration-ms="1" status="PASS">
          <reporter-output>
          </reporter-output>
        </test-method> <!-- YellowandOrange -->
      </class> <!-- com.seleniumwebdriver.TestNGGroupxml -->
    </test> <!-- Test -->
  </suite> <!-- Suite -->
</testng-results>
