<?xml version="1.0" encoding="UTF-8"?>
<testng-results ignored="0" total="8" passed="8" failed="0" skipped="0">
  <reporter-output>
  </reporter-output>
  <suite started-at="2024-08-27T13:54:20 IST" name="Default suite" finished-at="2024-08-27T13:54:20 IST" duration-ms="105">
    <groups>
      <group name="Yellow">
        <method signature="TestNGGroupxml.Yellow1()[pri:0, instance:com.seleniumwebdriver.TestNGGroupxml@21de60b4]" name="Yellow1" class="com.seleniumwebdriver.TestNGGroupxml"/>
        <method signature="TestNGGroupxml.Yellow2()[pri:0, instance:com.seleniumwebdriver.TestNGGroupxml@21de60b4]" name="Yellow2" class="com.seleniumwebdriver.TestNGGroupxml"/>
        <method signature="TestNGGroupxml.Yellow3()[pri:0, instance:com.seleniumwebdriver.TestNGGroupxml@21de60b4]" name="Yellow3" class="com.seleniumwebdriver.TestNGGroupxml"/>
        <method signature="TestNGGroupxml.YellowandOrange()[pri:0, instance:com.seleniumwebdriver.TestNGGroupxml@21de60b4]" name="YellowandOrange" class="com.seleniumwebdriver.TestNGGroupxml"/>
      </group> <!-- Yellow -->
      <group name="Orange">
        <method signature="TestNGGroupxml.Orange1()[pri:0, instance:com.seleniumwebdriver.TestNGGroupxml@21de60b4]" name="Orange1" class="com.seleniumwebdriver.TestNGGroupxml"/>
        <method signature="TestNGGroupxml.Orange2()[pri:0, instance:com.seleniumwebdriver.TestNGGroupxml@21de60b4]" name="Orange2" class="com.seleniumwebdriver.TestNGGroupxml"/>
        <method signature="TestNGGroupxml.Orange3()[pri:0, instance:com.seleniumwebdriver.TestNGGroupxml@21de60b4]" name="Orange3" class="com.seleniumwebdriver.TestNGGroupxml"/>
        <method signature="TestNGGroupxml.YellowandOrange()[pri:0, instance:com.seleniumwebdriver.TestNGGroupxml@21de60b4]" name="YellowandOrange" class="com.seleniumwebdriver.TestNGGroupxml"/>
      </group> <!-- Orange -->
    </groups>
    <test started-at="2024-08-27T13:54:20 IST" name="Default test" finished-at="2024-08-27T13:54:20 IST" duration-ms="105">
      <class name="com.seleniumwebdriver.TestNGGroupxml">
        <test-method signature="Orange1()[pri:0, instance:com.seleniumwebdriver.TestNGGroupxml@21de60b4]" started-at="2024-08-27T13:54:20 IST" name="Orange1" finished-at="2024-08-27T13:54:20 IST" duration-ms="15" status="PASS">
          <reporter-output>
          </reporter-output>
        </test-method> <!-- Orange1 -->
        <test-method signature="Orange2()[pri:0, instance:com.seleniumwebdriver.TestNGGroupxml@21de60b4]" started-at="2024-08-27T13:54:20 IST" name="Orange2" finished-at="2024-08-27T13:54:20 IST" duration-ms="3" status="PASS">
          <reporter-output>
          </reporter-output>
        </test-method> <!-- Orange2 -->
        <test-method signature="Orange3()[pri:0, instance:com.seleniumwebdriver.TestNGGroupxml@21de60b4]" started-at="2024-08-27T13:54:20 IST" name="Orange3" finished-at="2024-08-27T13:54:20 IST" duration-ms="3" status="PASS">
          <reporter-output>
          </reporter-output>
        </test-method> <!-- Orange3 -->
        <test-method signature="Yellow1()[pri:0, instance:com.seleniumwebdriver.TestNGGroupxml@21de60b4]" started-at="2024-08-27T13:54:20 IST" name="Yellow1" finished-at="2024-08-27T13:54:20 IST" duration-ms="2" status="PASS">
          <reporter-output>
          </reporter-output>
        </test-method> <!-- Yellow1 -->
        <test-method signature="Yellow2()[pri:0, instance:com.seleniumwebdriver.TestNGGroupxml@21de60b4]" started-at="2024-08-27T13:54:20 IST" name="Yellow2" finished-at="2024-08-27T13:54:20 IST" duration-ms="2" status="PASS">
          <reporter-output>
          </reporter-output>
        </test-method> <!-- Yellow2 -->
        <test-method signature="Yellow3()[pri:0, instance:com.seleniumwebdriver.TestNGGroupxml@21de60b4]" started-at="2024-08-27T13:54:20 IST" name="Yellow3" finished-at="2024-08-27T13:54:20 IST" duration-ms="2" status="PASS">
          <reporter-output>
          </reporter-output>
        </test-method> <!-- Yellow3 -->
        <test-method signature="YellowandOrange()[pri:0, instance:com.seleniumwebdriver.TestNGGroupxml@21de60b4]" started-at="2024-08-27T13:54:20 IST" name="YellowandOrange" finished-at="2024-08-27T13:54:20 IST" duration-ms="2" status="PASS">
          <reporter-output>
          </reporter-output>
        </test-method> <!-- YellowandOrange -->
        <test-method signature="f()[pri:0, instance:com.seleniumwebdriver.TestNGGroupxml@21de60b4]" started-at="2024-08-27T13:54:20 IST" name="f" finished-at="2024-08-27T13:54:20 IST" duration-ms="3" status="PASS">
          <reporter-output>
          </reporter-output>
        </test-method> <!-- f -->
      </class> <!-- com.seleniumwebdriver.TestNGGroupxml -->
    </test> <!-- Default test -->
  </suite> <!-- Default suite -->
</testng-results>
